#
# A fatal error has been detected by the Java Runtime Environment:
#
#  SIGSEGV (0xb) at pc=0x00007fffb3db5f31, pid=41717, tid=0x0000000000000307
#
# JRE version: Java(TM) SE Runtime Environment (8.0_144-b01) (build 1.8.0_144-b01)
# Java VM: Java HotSpot(TM) 64-Bit Server VM (25.144-b01 mixed mode bsd-amd64 compressed oops)
# Problematic frame:
# C  [libobjc.A.dylib+0x6f31]  objc_retain+0x21
#
# Failed to write core dump. Core dumps have been disabled. To enable core dumping, try "ulimit -c unlimited" before starting Java again
#
# If you would like to submit a bug report, please visit:
#   http://bugreport.java.com/bugreport/crash.jsp
# The crash happened outside the Java Virtual Machine in native code.
# See problematic frame for where to report the bug.
#

---------------  T H R E A D  ---------------

Current thread (0x00007ffb8d28e800):  JavaThread "AppKit Thread" daemon [_thread_in_native, id=775, stack(0x00007fff514c2000,0x00007fff51cc2000)]

siginfo: si_signo: 11 (SIGSEGV), si_code: 1 (SEGV_MAPERR), si_addr: 0x0000000000000020

Registers:
RAX=0xd000000000000000, RBX=0x00007ffb8f7a6c10, RCX=0x0000000000000000, RDX=0x00007fffb9f56630
RSP=0x00007fff51cbcb20, RBP=0x00007fff51cbcb20, RSI=0x0000000000000000, RDI=0x00007ffb8ce52860
R8 =0x00007ffb8cd394c0, R9 =0x00007fff9e72ebc8, R10=0x000000000000001a, R11=0x00000003c4fa5ee8
R12=0x00007ffb9166c810, R13=0x00007ffb8cd24ac0, R14=0x00007ffb8f7a6c10, R15=0x00007ffb8ce52860
RIP=0x00007fffb3db5f31, EFLAGS=0x0000000000010246, ERR=0x0000000000000004
  TRAPNO=0x000000000000000e

Top of Stack: (sp=0x00007fff51cbcb20)
0x00007fff51cbcb20:   00007fff51cbcc20 00007fff9e67014b
0x00007fff51cbcb30:   000000010df5f800 0000000000000005
0x00007fff51cbcb40:   00007fffb9c608c0 00007fffb9c60940
0x00007fff51cbcb50:   0000000000000001 00007ffb8cf84720
0x00007fff51cbcb60:   00007ffb9166c810 00007fffb9c608c0
0x00007fff51cbcb70:   00007fff51cbcbb0 00007fff9e48fc8f
0x00007fff51cbcb80:   00007fffb9c60860 00007fffb9c60940
0x00007fff51cbcb90:   00007fff51cbcbb0 00007fffb9c608c0
0x00007fff51cbcba0:   00007ffb9166c810 00007fffb9c60940
0x00007fff51cbcbb0:   0000000000000000 00007ffb8cf7b5c0
0x00007fff51cbcbc0:   00007fffb9c60b00 0000000000000000
0x00007fff51cbcbd0:   00007fff51cbcbf0 00007fff9eebf870
0x00007fff51cbcbe0:   00007ffb9166c810 00007fffb9c60940
0x00007fff51cbcbf0:   00007fff51cbcc20 00007ffb9166c810
0x00007fff51cbcc00:   00007ffb8ce00750 00007ffb8cf7b5c0
0x00007fff51cbcc10:   00007ffb8f7a6c10 00007ffb8ce00860
0x00007fff51cbcc20:   00007fff51cbcc40 00007fff9e66f584
0x00007fff51cbcc30:   00007ffb91664f30 00007ffb8cf7b5d8
0x00007fff51cbcc40:   00007fff51cbcc50 00007fff9ef33c54
0x00007fff51cbcc50:   00007fff51cbdce0 00007fff9ef338df
0x00007fff51cbcc60:   00007fb59bb9d146 00007ffb8ce00870
0x00007fff51cbcc70:   47efffffe0000000 0000000000000000
0x00007fff51cbcc80:   00007ffb91664f30 ffffffffffffffff
0x00007fff51cbcc90:   00007ffb8ce00870 00007fff51cbdd01
0x00007fff51cbcca0:   00007fff51cbdd01 00007ffb8cf75ce0
0x00007fff51cbccb0:   00007ffb8ce00870 00007ffb8ce00750
0x00007fff51cbccc0:   00007fff51cbdd30 00007fff9ef33086
0x00007fff51cbccd0:   000000000000003c 00007fff51cbddc8
0x00007fff51cbcce0:   00007ffb8cc70bb0 00007ffb8cc705a0
0x00007fff51cbccf0:   00007fff51cbcd20 00007fff9eee4dad
0x00007fff51cbcd00:   00007ffb8cc70bb0 00007ffb8cc70880
0x00007fff51cbcd10:   0000000000000000 0000000000000002 

Instructions: (pc=0x00007fffb3db5f31)
0x00007fffb3db5f11:   48 89 e5 31 c0 48 85 ff 74 49 40 f6 c7 01 75 40
0x00007fffb3db5f21:   48 8b 07 48 b9 f8 ff ff ff ff 7f 00 00 48 21 c1
0x00007fffb3db5f31:   f6 41 20 02 74 2f a8 01 74 20 48 b9 00 00 00 00
0x00007fffb3db5f41:   00 00 00 01 48 89 c2 48 01 ca 72 29 f0 48 0f b1 

Register to memory mapping:

RAX=0xd000000000000000 is an unknown value
RBX=0x00007ffb8f7a6c10 is an unknown value
RCX=0x0000000000000000 is an unknown value
RDX=0x00007fffb9f56630: __CFRuntimeObjCClassTable+0 in /System/Library/Frameworks/CoreFoundation.framework/Versions/A/CoreFoundation at 0x00007fff9eea3000
RSP=0x00007fff51cbcb20 is pointing into the stack for thread: 0x00007ffb8d28e800
RBP=0x00007fff51cbcb20 is pointing into the stack for thread: 0x00007ffb8d28e800
RSI=0x0000000000000000 is an unknown value
RDI=0x00007ffb8ce52860 is an unknown value
R8 =0x00007ffb8cd394c0 is an unknown value
R9 =0x00007fff9e72ebc8: kHIToolboxVersionNumber+0x8048 in /System/Library/Frameworks/Carbon.framework/Versions/A/Frameworks/HIToolbox.framework/Versions/A/HIToolbox at 0x00007fff9e45a000
R10=0x000000000000001a is an unknown value
R11=0x00000003c4fa5ee8 is an unknown value
R12=0x00007ffb9166c810 is an unknown value
R13=0x00007ffb8cd24ac0 is an unknown value
R14=0x00007ffb8f7a6c10 is an unknown value
R15=0x00007ffb8ce52860 is an unknown value


Stack: [0x00007fff514c2000,0x00007fff51cc2000],  sp=0x00007fff51cbcb20,  free space=8170k
Native frames: (J=compiled Java code, j=interpreted, Vv=VM code, C=native code)
C  [libobjc.A.dylib+0x6f31]  objc_retain+0x21
C  [HIToolbox+0x21614b]  utTryToSetupInputMethodMenu+0x4b
C  [HIToolbox+0x215584]  ActivateTSMDocument_GetMenu_TimerHandler+0x6b
C  [CoreFoundation+0x90c54]  __CFRUNLOOP_IS_CALLING_OUT_TO_A_TIMER_CALLBACK_FUNCTION__+0x14
C  [CoreFoundation+0x908df]  __CFRunLoopDoTimer+0x42f
C  [CoreFoundation+0x9043a]  __CFRunLoopDoTimers+0x12a
C  [CoreFoundation+0x87b81]  __CFRunLoopRun+0x811
C  [CoreFoundation+0x87114]  CFRunLoopRunSpecific+0x1a4
C  [HIToolbox+0x30ebc]  RunCurrentEventLoopInMode+0xf0
C  [HIToolbox+0x30cf1]  ReceiveNextEventCommon+0x1b0
C  [HIToolbox+0x30b26]  _BlockUntilNextEventMatchingListInModeWithFilter+0x47
C  [AppKit+0x46a54]  _DPSNextEvent+0x460
C  [AppKit+0x7c27ee]  -[NSApplication(NSEvent) _nextEventMatchingEventMask:untilDate:inMode:dequeue:]+0xaec
C  [libosxapp.dylib+0x23aa]  -[NSApplicationAWT nextEventMatchingMask:untilDate:inMode:dequeue:]+0x7c
C  [AppKit+0x3b3db]  -[NSApplication run]+0x39e
C  [libosxapp.dylib+0x214d]  +[NSApplicationAWT runAWTLoopWithApp:]+0x9c
C  [libawt_lwawt.dylib+0x45edf]  -[AWTStarter starter:]+0x389
C  [Foundation+0x7152a]  __NSThreadPerformPerform+0x146
C  [CoreFoundation+0xa7321]  __CFRUNLOOP_IS_CALLING_OUT_TO_A_SOURCE0_PERFORM_FUNCTION__+0x11
C  [CoreFoundation+0x8821d]  __CFRunLoopDoSources0+0x22d
C  [CoreFoundation+0x87716]  __CFRunLoopRun+0x3a6
C  [CoreFoundation+0x87114]  CFRunLoopRunSpecific+0x1a4
C  [java+0x6465]  CreateExecutionEnvironment+0x367
C  [java+0x218c]  JLI_Launch+0x7a0
C  [java+0x84c2]  main+0x65
C  [java+0x19e4]  start+0x34
C  0x0000000000000004


---------------  P R O C E S S  ---------------

Java Threads: ( => current thread )
  0x00007ffb8d95e800 JavaThread "DestroyJavaVM" [_thread_blocked, id=6915, stack(0x000070000220f000,0x000070000230f000)]
  0x00007ffb8e54b800 JavaThread "SwingWorker-pool-1-thread-2" daemon [_thread_blocked, id=69431, stack(0x00007000039dd000,0x0000700003add000)]
  0x00007ffb8e54a800 JavaThread "TimerQueue" daemon [_thread_blocked, id=69167, stack(0x00007000038da000,0x00007000039da000)]
  0x00007ffb8e8b2000 JavaThread "SwingWorker-pool-1-thread-1" daemon [_thread_blocked, id=67959, stack(0x00007000037d7000,0x00007000038d7000)]
  0x00007ffb8e1d9000 JavaThread "AWT-EventQueue-0" [_thread_blocked, id=64519, stack(0x0000700003651000,0x0000700003751000)]
  0x00007ffb8e365800 JavaThread "AWT-Shutdown" [_thread_blocked, id=30631, stack(0x000070000313f000,0x000070000323f000)]
  0x00007ffb8d38f000 JavaThread "Java2D Disposer" daemon [_thread_blocked, id=57615, stack(0x000070000344b000,0x000070000354b000)]
  0x00007ffb8e162800 JavaThread "Java2D Queue Flusher" daemon [_thread_blocked, id=47923, stack(0x0000700003348000,0x0000700003448000)]
=>0x00007ffb8d28e800 JavaThread "AppKit Thread" daemon [_thread_in_native, id=775, stack(0x00007fff514c2000,0x00007fff51cc2000)]
  0x00007ffb8d053800 JavaThread "Service Thread" daemon [_thread_blocked, id=18435, stack(0x0000700002eb6000,0x0000700002fb6000)]
  0x00007ffb8e040800 JavaThread "C1 CompilerThread2" daemon [_thread_blocked, id=17923, stack(0x0000700002db3000,0x0000700002eb3000)]
  0x00007ffb8e03f800 JavaThread "C2 CompilerThread1" daemon [_thread_blocked, id=17411, stack(0x0000700002cb0000,0x0000700002db0000)]
  0x00007ffb8d048000 JavaThread "C2 CompilerThread0" daemon [_thread_blocked, id=16899, stack(0x0000700002bad000,0x0000700002cad000)]
  0x00007ffb8d03a000 JavaThread "Signal Dispatcher" daemon [_thread_blocked, id=16387, stack(0x0000700002aaa000,0x0000700002baa000)]
  0x00007ffb8e017800 JavaThread "Finalizer" daemon [_thread_blocked, id=12291, stack(0x0000700002924000,0x0000700002a24000)]
  0x00007ffb8e014800 JavaThread "Reference Handler" daemon [_thread_blocked, id=11779, stack(0x0000700002821000,0x0000700002921000)]

Other Threads:
  0x00007ffb8d80f800 VMThread [stack: 0x000070000271e000,0x000070000281e000] [id=11267]
  0x00007ffb8d046800 WatcherThread [stack: 0x0000700002fb9000,0x00007000030b9000] [id=18947]

VM state:not at safepoint (normal execution)

VM Mutex/Monitor currently owned by a thread: None

Heap:
 PSYoungGen      total 38400K, used 27809K [0x0000000795580000, 0x0000000798000000, 0x00000007c0000000)
  eden space 33280K, 68% used [0x0000000795580000,0x0000000796baa108,0x0000000797600000)
  from space 5120K, 99% used [0x0000000797600000,0x0000000797afe680,0x0000000797b00000)
  to   space 5120K, 0% used [0x0000000797b00000,0x0000000797b00000,0x0000000798000000)
 ParOldGen       total 87552K, used 227K [0x0000000740000000, 0x0000000745580000, 0x0000000795580000)
  object space 87552K, 0% used [0x0000000740000000,0x0000000740038cc8,0x0000000745580000)
 Metaspace       used 17674K, capacity 18150K, committed 18560K, reserved 1064960K
  class space    used 2423K, capacity 2564K, committed 2688K, reserved 1048576K

Card table byte_map: [0x000000010fb9c000,0x000000010ff9d000] byte_map_base: 0x000000010c19c000

Marking Bits: (ParMarkBitMap*) 0x000000010f0f35d0
 Begin Bits: [0x0000000122211000, 0x0000000124211000)
 End Bits:   [0x0000000124211000, 0x0000000126211000)

Polling page: 0x000000010dfeb000

CodeCache: size=245760Kb used=8300Kb max_used=8300Kb free=237459Kb
 bounds [0x0000000113211000, 0x0000000113a41000, 0x0000000122211000]
 total_blobs=3156 nmethods=2565 adapters=503
 compilation: enabled

Compilation events (10 events):
Event: 205.633 Thread 0x00007ffb8e040800 2726   !   3       sun.swing.SwingUtilities2::clipString (204 bytes)
Event: 205.635 Thread 0x00007ffb8e040800 nmethod 2726 0x0000000113a30c10 code [0x0000000113a30f40, 0x0000000113a32688]
Event: 205.636 Thread 0x00007ffb8e040800 2728       3       sun.awt.image.ToolkitImage::hasError (33 bytes)
Event: 205.636 Thread 0x00007ffb8e040800 nmethod 2728 0x0000000113a2dad0 code [0x0000000113a2dc40, 0x0000000113a2df08]
Event: 205.636 Thread 0x00007ffb8e040800 2729       3       sun.awt.image.ImageRepresentation::drawToBufImage (159 bytes)
Event: 205.637 Thread 0x00007ffb8e040800 nmethod 2729 0x0000000113a2c990 code [0x0000000113a2cba0, 0x0000000113a2d718]
Event: 205.637 Thread 0x00007ffb8e040800 2727       3       com.apple.laf.AquaButtonBorder$Named::doButtonPaint (44 bytes)
Event: 205.638 Thread 0x00007ffb8e040800 nmethod 2727 0x0000000113a2bf10 code [0x0000000113a2c0c0, 0x0000000113a2c6a8]
Event: 205.638 Thread 0x00007ffb8e040800 2730       3       com.apple.laf.AquaButtonBorder::paintButton (163 bytes)
Event: 205.640 Thread 0x00007ffb8e040800 nmethod 2730 0x0000000113a335d0 code [0x0000000113a337c0, 0x0000000113a342f8]

GC Heap History (2 events):
Event: 3.955 GC heap before
{Heap before GC invocations=1 (full 0):
 PSYoungGen      total 38400K, used 33280K [0x0000000795580000, 0x0000000798000000, 0x00000007c0000000)
  eden space 33280K, 100% used [0x0000000795580000,0x0000000797600000,0x0000000797600000)
  from space 5120K, 0% used [0x0000000797b00000,0x0000000797b00000,0x0000000798000000)
  to   space 5120K, 0% used [0x0000000797600000,0x0000000797600000,0x0000000797b00000)
 ParOldGen       total 87552K, used 0K [0x0000000740000000, 0x0000000745580000, 0x0000000795580000)
  object space 87552K, 0% used [0x0000000740000000,0x0000000740000000,0x0000000745580000)
 Metaspace       used 15952K, capacity 16334K, committed 16512K, reserved 1062912K
  class space    used 2251K, capacity 2348K, committed 2432K, reserved 1048576K
Event: 3.964 GC heap after
Heap after GC invocations=1 (full 0):
 PSYoungGen      total 38400K, used 5113K [0x0000000795580000, 0x0000000798000000, 0x00000007c0000000)
  eden space 33280K, 0% used [0x0000000795580000,0x0000000795580000,0x0000000797600000)
  from space 5120K, 99% used [0x0000000797600000,0x0000000797afe680,0x0000000797b00000)
  to   space 5120K, 0% used [0x0000000797b00000,0x0000000797b00000,0x0000000798000000)
 ParOldGen       total 87552K, used 227K [0x0000000740000000, 0x0000000745580000, 0x0000000795580000)
  object space 87552K, 0% used [0x0000000740000000,0x0000000740038cc8,0x0000000745580000)
 Metaspace       used 15952K, capacity 16334K, committed 16512K, reserved 1062912K
  class space    used 2251K, capacity 2348K, committed 2432K, reserved 1048576K
}

Deoptimization events (10 events):
Event: 5.367 Thread 0x00007ffb8e1d9000 Uncommon trap: reason=bimorphic action=maybe_recompile pc=0x0000000113695cac method=java.util.HashMap.putVal(ILjava/lang/Object;Ljava/lang/Object;ZZ)Ljava/lang/Object; @ 91
Event: 6.353 Thread 0x00007ffb8e1d9000 Uncommon trap: reason=unstable_if action=reinterpret pc=0x0000000113454a64 method=java.util.HashMap.getNode(ILjava/lang/Object;)Ljava/util/HashMap$Node; @ 129
Event: 8.219 Thread 0x00007ffb8ea09000 Uncommon trap: reason=unstable_if action=reinterpret pc=0x00000001136c90c0 method=java.nio.charset.CharsetDecoder.decode(Ljava/nio/ByteBuffer;Ljava/nio/CharBuffer;Z)Ljava/nio/charset/CoderResult; @ 15
Event: 24.327 Thread 0x00007ffb8e1d9000 Uncommon trap: reason=unstable_if action=reinterpret pc=0x000000011386d01c method=java.awt.Container.findComponentAtImpl(IIZ)Ljava/awt/Component; @ 131
Event: 68.041 Thread 0x00007ffb8e1d9000 Uncommon trap: reason=unstable_if action=reinterpret pc=0x000000011397a560 method=java.awt.Container.getMouseEventTargetImpl(IIZLjava/awt/Container$EventTargetFilter;ZZ)Ljava/awt/Component; @ 218
Event: 86.473 Thread 0x00007ffb8e1d9000 Uncommon trap: reason=unstable_if action=reinterpret pc=0x0000000113457bcc method=java.awt.Toolkit$SelectiveAWTEventListener.eventDispatched(Ljava/awt/AWTEvent;)V @ 230
Event: 111.510 Thread 0x00007ffb8e1d9000 Uncommon trap: reason=unstable_if action=reinterpret pc=0x0000000113987b44 method=sun.awt.PostEventQueue.flush()V @ 23
Event: 121.274 Thread 0x00007ffb8e1d9000 Uncommon trap: reason=unstable_if action=reinterpret pc=0x000000011352dcec method=java.awt.EventQueue.setCurrentEventAndMostRecentTimeImpl(Ljava/awt/AWTEvent;)V @ 68
Event: 126.059 Thread 0x00007ffb8e1d9000 Uncommon trap: reason=unstable_if action=reinterpret pc=0x00000001135153cc method=sun.lwawt.LWCursorManager.updateCursorImpl()V @ 21
Event: 126.059 Thread 0x00007ffb8e1d9000 Uncommon trap: reason=unstable_if action=reinterpret pc=0x00000001136fef44 method=sun.lwawt.LWCursorManager.updateCursorImpl()V @ 21

Internal exceptions (10 events):
Event: 0.148 Thread 0x00007ffb8d009000 Exception <a 'java/lang/NoSuchFieldError': method resolution failed> (0x0000000795823ba8) thrown at [/Users/java_re/workspace/8-2-build-macosx-x86_64/jdk8u144/9417/hotspot/src/share/vm/prims/methodHandles.cpp, line 1146]
Event: 0.310 Thread 0x00007ffb8d009000 Exception <a 'java/io/FileNotFoundException'> (0x000000079589f5d0) thrown at [/Users/java_re/workspace/8-2-build-macosx-x86_64/jdk8u144/9417/hotspot/src/share/vm/prims/jni.cpp, line 709]
Event: 0.310 Thread 0x00007ffb8d009000 Exception <a 'java/io/FileNotFoundException'> (0x00000007958a0138) thrown at [/Users/java_re/workspace/8-2-build-macosx-x86_64/jdk8u144/9417/hotspot/src/share/vm/prims/jni.cpp, line 709]
Event: 3.272 Thread 0x00007ffb8d009000 Implicit null exception at 0x00000001134626f5 to 0x0000000113462ab9
Event: 3.272 Thread 0x00007ffb8d009000 Implicit null exception at 0x000000011342adb6 to 0x000000011342b17d
Event: 3.311 Thread 0x00007ffb8d009000 Exception <a 'java/lang/NullPointerException'> (0x0000000796050c48) thrown at [/Users/java_re/workspace/8-2-build-macosx-x86_64/jdk8u144/9417/hotspot/src/share/vm/prims/jni.cpp, line 735]
Event: 3.437 Thread 0x00007ffb8d009000 Implicit null exception at 0x0000000113580b76 to 0x0000000113581b61
Event: 3.642 Thread 0x00007ffb8d009000 Exception <a 'java/io/FileNotFoundException'> (0x0000000796e89258) thrown at [/Users/java_re/workspace/8-2-build-macosx-x86_64/jdk8u144/9417/hotspot/src/share/vm/prims/jni.cpp, line 709]
Event: 3.697 Thread 0x00007ffb8d009000 Exception <a 'java/io/FileNotFoundException'> (0x0000000796e89950) thrown at [/Users/java_re/workspace/8-2-build-macosx-x86_64/jdk8u144/9417/hotspot/src/share/vm/prims/jni.cpp, line 709]
Event: 3.966 Thread 0x00007ffb8e017800 Exception <a 'java/lang/NullPointerException'> (0x00000007956d0858) thrown at [/Users/java_re/workspace/8-2-build-macosx-x86_64/jdk8u144/9417/hotspot/src/share/vm/interpreter/linkResolver.cpp, line 1197]

Events (10 events):
Event: 121.275 loading class javax/swing/JComponent$KeyboardState
Event: 121.275 loading class javax/swing/JComponent$KeyboardState done
Event: 121.275 loading class javax/swing/JComponent$IntVector
Event: 121.275 loading class javax/swing/JComponent$IntVector done
Event: 126.059 Thread 0x00007ffb8e1d9000 Uncommon trap: trap_request=0xffffff65 fr.pc=0x00000001135153cc
Event: 126.059 Thread 0x00007ffb8e1d9000 DEOPT PACKING pc=0x00000001135153cc sp=0x000070000374ef20
Event: 126.059 Thread 0x00007ffb8e1d9000 DEOPT UNPACKING pc=0x0000000113216229 sp=0x000070000374ef20 mode 2
Event: 126.059 Thread 0x00007ffb8e1d9000 Uncommon trap: trap_request=0xffffff65 fr.pc=0x00000001136fef44
Event: 126.059 Thread 0x00007ffb8e1d9000 DEOPT PACKING pc=0x00000001136fef44 sp=0x000070000374ef60
Event: 126.059 Thread 0x00007ffb8e1d9000 DEOPT UNPACKING pc=0x0000000113216229 sp=0x000070000374ed78 mode 2


Dynamic libraries:
0x0000000029b2c000 	/System/Library/Frameworks/Cocoa.framework/Versions/A/Cocoa
0x0000000029b2c000 	/System/Library/Frameworks/Security.framework/Versions/A/Security
0x0000000029b2c000 	/System/Library/Frameworks/ApplicationServices.framework/Versions/A/ApplicationServices
0x0000000029b2c000 	/usr/lib/libz.1.dylib
0x0000000029b2c000 	/usr/lib/libSystem.B.dylib
0x0000000029b2c000 	/usr/lib/libobjc.A.dylib
0x0000000029b2c000 	/System/Library/Frameworks/CoreFoundation.framework/Versions/A/CoreFoundation
0x0000000029b2c000 	/System/Library/Frameworks/Foundation.framework/Versions/C/Foundation
0x0000000029b2c000 	/System/Library/Frameworks/AppKit.framework/Versions/C/AppKit
0x0000000029b2c000 	/System/Library/Frameworks/CoreData.framework/Versions/A/CoreData
0x0000000029b2c000 	/System/Library/PrivateFrameworks/RemoteViewServices.framework/Versions/A/RemoteViewServices
0x0000000029b2c000 	/System/Library/PrivateFrameworks/UIFoundation.framework/Versions/A/UIFoundation
0x0000000029b2c000 	/System/Library/PrivateFrameworks/DFRFoundation.framework/Versions/A/DFRFoundation
0x0000000029b2c000 	/usr/lib/libenergytrace.dylib
0x0000000029b2c000 	/System/Library/PrivateFrameworks/SkyLight.framework/Versions/A/SkyLight
0x0000000029b2c000 	/System/Library/Frameworks/CoreGraphics.framework/Versions/A/CoreGraphics
0x0000000029b2c000 	/usr/lib/libScreenReader.dylib
0x0000000029b2c000 	/System/Library/Frameworks/Accelerate.framework/Versions/A/Accelerate
0x0000000029b2c000 	/System/Library/Frameworks/IOSurface.framework/Versions/A/IOSurface
0x0000000029b2c000 	/System/Library/Frameworks/AudioToolbox.framework/Versions/A/AudioToolbox
0x0000000029b2c000 	/System/Library/Frameworks/AudioUnit.framework/Versions/A/AudioUnit
0x0000000029b2c000 	/System/Library/PrivateFrameworks/DataDetectorsCore.framework/Versions/A/DataDetectorsCore
0x0000000029b2c000 	/System/Library/PrivateFrameworks/DesktopServicesPriv.framework/Versions/A/DesktopServicesPriv
0x0000000029b2c000 	/System/Library/Frameworks/Carbon.framework/Versions/A/Frameworks/HIToolbox.framework/Versions/A/HIToolbox
0x0000000029b2c000 	/usr/lib/libicucore.A.dylib
0x0000000029b2c000 	/System/Library/Frameworks/QuartzCore.framework/Versions/A/QuartzCore
0x0000000029b2c000 	/System/Library/Frameworks/Carbon.framework/Versions/A/Frameworks/SpeechRecognition.framework/Versions/A/SpeechRecognition
0x0000000029b2c000 	/usr/lib/libauto.dylib
0x0000000029b2c000 	/usr/lib/libxml2.2.dylib
0x0000000029b2c000 	/System/Library/PrivateFrameworks/CoreUI.framework/Versions/A/CoreUI
0x0000000029b2c000 	/System/Library/Frameworks/CoreAudio.framework/Versions/A/CoreAudio
0x0000000029b2c000 	/System/Library/Frameworks/DiskArbitration.framework/Versions/A/DiskArbitration
0x0000000029b2c000 	/usr/lib/liblangid.dylib
0x0000000029b2c000 	/System/Library/PrivateFrameworks/MultitouchSupport.framework/Versions/A/MultitouchSupport
0x0000000029b2c000 	/System/Library/Frameworks/IOKit.framework/Versions/A/IOKit
0x0000000029b2c000 	/usr/lib/libDiagnosticMessagesClient.dylib
0x0000000029b2c000 	/System/Library/Frameworks/CoreServices.framework/Versions/A/CoreServices
0x0000000029b2c000 	/System/Library/PrivateFrameworks/PerformanceAnalysis.framework/Versions/A/PerformanceAnalysis
0x0000000029b2c000 	/System/Library/PrivateFrameworks/GenerationalStorage.framework/Versions/A/GenerationalStorage
0x0000000029b2c000 	/System/Library/Frameworks/OpenGL.framework/Versions/A/OpenGL
0x0000000029b2c000 	/System/Library/Frameworks/CoreImage.framework/Versions/A/CoreImage
0x0000000029b2c000 	/System/Library/Frameworks/CoreText.framework/Versions/A/CoreText
0x0000000029b2c000 	/System/Library/Frameworks/ImageIO.framework/Versions/A/ImageIO
0x0000000029b2c000 	/System/Library/PrivateFrameworks/Backup.framework/Versions/A/Backup
0x0000000029b2c000 	/usr/lib/libarchive.2.dylib
0x0000000029b2c000 	/System/Library/Frameworks/CFNetwork.framework/Versions/A/CFNetwork
0x0000000029b2c000 	/System/Library/Frameworks/SystemConfiguration.framework/Versions/A/SystemConfiguration
0x0000000029b2c000 	/usr/lib/libCRFSuite.dylib
0x0000000029b2c000 	/usr/lib/libc++.1.dylib
0x0000000029b2c000 	/usr/lib/libc++abi.dylib
0x0000000029b2c000 	/usr/lib/system/libcache.dylib
0x0000000029b2c000 	/usr/lib/system/libcommonCrypto.dylib
0x0000000029b2c000 	/usr/lib/system/libcompiler_rt.dylib
0x0000000029b2c000 	/usr/lib/system/libcopyfile.dylib
0x0000000029b2c000 	/usr/lib/system/libcorecrypto.dylib
0x0000000029b2c000 	/usr/lib/system/libdispatch.dylib
0x0000000029b2c000 	/usr/lib/system/libdyld.dylib
0x0000000029b2c000 	/usr/lib/system/libkeymgr.dylib
0x0000000029b2c000 	/usr/lib/system/liblaunch.dylib
0x0000000029b2c000 	/usr/lib/system/libmacho.dylib
0x0000000029b2c000 	/usr/lib/system/libquarantine.dylib
0x0000000029b2c000 	/usr/lib/system/libremovefile.dylib
0x0000000029b2c000 	/usr/lib/system/libsystem_asl.dylib
0x0000000029b2c000 	/usr/lib/system/libsystem_blocks.dylib
0x0000000029b2c000 	/usr/lib/system/libsystem_c.dylib
0x0000000029b2c000 	/usr/lib/system/libsystem_configuration.dylib
0x0000000029b2c000 	/usr/lib/system/libsystem_coreservices.dylib
0x0000000029b2c000 	/usr/lib/system/libsystem_coretls.dylib
0x0000000029b2c000 	/usr/lib/system/libsystem_dnssd.dylib
0x0000000029b2c000 	/usr/lib/system/libsystem_info.dylib
0x0000000029b2c000 	/usr/lib/system/libsystem_kernel.dylib
0x0000000029b2c000 	/usr/lib/system/libsystem_m.dylib
0x0000000029b2c000 	/usr/lib/system/libsystem_malloc.dylib
0x0000000029b2c000 	/usr/lib/system/libsystem_network.dylib
0x0000000029b2c000 	/usr/lib/system/libsystem_networkextension.dylib
0x0000000029b2c000 	/usr/lib/system/libsystem_notify.dylib
0x0000000029b2c000 	/usr/lib/system/libsystem_platform.dylib
0x0000000029b2c000 	/usr/lib/system/libsystem_pthread.dylib
0x0000000029b2c000 	/usr/lib/system/libsystem_sandbox.dylib
0x0000000029b2c000 	/usr/lib/system/libsystem_secinit.dylib
0x0000000029b2c000 	/usr/lib/system/libsystem_symptoms.dylib
0x0000000029b2c000 	/usr/lib/system/libsystem_trace.dylib
0x0000000029b2c000 	/usr/lib/system/libunwind.dylib
0x0000000029b2c000 	/usr/lib/system/libxpc.dylib
0x0000000029b2c000 	/usr/lib/libbsm.0.dylib
0x0000000029b2c000 	/usr/lib/system/libkxld.dylib
0x0000000029b2c000 	/usr/lib/libcoretls.dylib
0x0000000029b2c000 	/usr/lib/libcoretls_cfhelpers.dylib
0x0000000029b2c000 	/usr/lib/libOpenScriptingUtil.dylib
0x0000000029b2c000 	/usr/lib/libpam.2.dylib
0x0000000029b2c000 	/usr/lib/libsqlite3.dylib
0x0000000029b2c000 	/usr/lib/libxar.1.dylib
0x0000000029b2c000 	/usr/lib/libbz2.1.0.dylib
0x0000000029b2c000 	/usr/lib/liblzma.5.dylib
0x0000000029b2c000 	/usr/lib/libnetwork.dylib
0x0000000029b2c000 	/usr/lib/libpcap.A.dylib
0x0000000029b2c000 	/System/Library/Frameworks/CoreServices.framework/Versions/A/Frameworks/FSEvents.framework/Versions/A/FSEvents
0x0000000029b2c000 	/System/Library/Frameworks/CoreServices.framework/Versions/A/Frameworks/CarbonCore.framework/Versions/A/CarbonCore
0x0000000029b2c000 	/System/Library/Frameworks/CoreServices.framework/Versions/A/Frameworks/Metadata.framework/Versions/A/Metadata
0x0000000029b2c000 	/System/Library/Frameworks/CoreServices.framework/Versions/A/Frameworks/OSServices.framework/Versions/A/OSServices
0x0000000029b2c000 	/System/Library/Frameworks/CoreServices.framework/Versions/A/Frameworks/SearchKit.framework/Versions/A/SearchKit
0x0000000029b2c000 	/System/Library/Frameworks/CoreServices.framework/Versions/A/Frameworks/AE.framework/Versions/A/AE
0x0000000029b2c000 	/System/Library/Frameworks/CoreServices.framework/Versions/A/Frameworks/LaunchServices.framework/Versions/A/LaunchServices
0x0000000029b2c000 	/System/Library/Frameworks/CoreServices.framework/Versions/A/Frameworks/DictionaryServices.framework/Versions/A/DictionaryServices
0x0000000029b2c000 	/System/Library/Frameworks/CoreServices.framework/Versions/A/Frameworks/SharedFileList.framework/Versions/A/SharedFileList
0x0000000029b2c000 	/System/Library/Frameworks/NetFS.framework/Versions/A/NetFS
0x0000000029b2c000 	/System/Library/PrivateFrameworks/NetAuth.framework/Versions/A/NetAuth
0x0000000029b2c000 	/System/Library/PrivateFrameworks/login.framework/Versions/A/Frameworks/loginsupport.framework/Versions/A/loginsupport
0x0000000029b2c000 	/System/Library/PrivateFrameworks/TCC.framework/Versions/A/TCC
0x0000000029b2c000 	/usr/lib/libmecabra.dylib
0x0000000029b2c000 	/System/Library/Frameworks/ApplicationServices.framework/Versions/A/Frameworks/ATS.framework/Versions/A/ATS
0x0000000029b2c000 	/System/Library/Frameworks/ApplicationServices.framework/Versions/A/Frameworks/ColorSync.framework/Versions/A/ColorSync
0x0000000029b2c000 	/System/Library/Frameworks/ApplicationServices.framework/Versions/A/Frameworks/HIServices.framework/Versions/A/HIServices
0x0000000029b2c000 	/System/Library/Frameworks/ApplicationServices.framework/Versions/A/Frameworks/LangAnalysis.framework/Versions/A/LangAnalysis
0x0000000029b2c000 	/System/Library/Frameworks/ApplicationServices.framework/Versions/A/Frameworks/PrintCore.framework/Versions/A/PrintCore
0x0000000029b2c000 	/System/Library/Frameworks/ApplicationServices.framework/Versions/A/Frameworks/QD.framework/Versions/A/QD
0x0000000029b2c000 	/System/Library/Frameworks/ApplicationServices.framework/Versions/A/Frameworks/SpeechSynthesis.framework/Versions/A/SpeechSynthesis
0x0000000029b2c000 	/System/Library/Frameworks/Accelerate.framework/Versions/A/Frameworks/vImage.framework/Versions/A/vImage
0x0000000029b2c000 	/System/Library/Frameworks/Accelerate.framework/Versions/A/Frameworks/vecLib.framework/Versions/A/vecLib
0x0000000029b2c000 	/System/Library/Frameworks/Accelerate.framework/Versions/A/Frameworks/vecLib.framework/Versions/A/libvDSP.dylib
0x0000000029b2c000 	/System/Library/Frameworks/Accelerate.framework/Versions/A/Frameworks/vecLib.framework/Versions/A/libBNNS.dylib
0x0000000029b2c000 	/System/Library/Frameworks/Accelerate.framework/Versions/A/Frameworks/vecLib.framework/Versions/A/libQuadrature.dylib
0x0000000029b2c000 	/System/Library/Frameworks/Accelerate.framework/Versions/A/Frameworks/vecLib.framework/Versions/A/libvMisc.dylib
0x0000000029b2c000 	/System/Library/Frameworks/Accelerate.framework/Versions/A/Frameworks/vecLib.framework/Versions/A/libLAPACK.dylib
0x0000000029b2c000 	/System/Library/Frameworks/Accelerate.framework/Versions/A/Frameworks/vecLib.framework/Versions/A/libBLAS.dylib
0x0000000029b2c000 	/System/Library/Frameworks/Accelerate.framework/Versions/A/Frameworks/vecLib.framework/Versions/A/libLinearAlgebra.dylib
0x0000000029b2c000 	/System/Library/Frameworks/Accelerate.framework/Versions/A/Frameworks/vecLib.framework/Versions/A/libSparseBLAS.dylib
0x0000000029b2c000 	/System/Library/Frameworks/ApplicationServices.framework/Versions/A/Frameworks/ATS.framework/Versions/A/Resources/libFontParser.dylib
0x0000000029b2c000 	/System/Library/Frameworks/ApplicationServices.framework/Versions/A/Frameworks/ATS.framework/Versions/A/Resources/libFontRegistry.dylib
0x0000000029b2c000 	/System/Library/Frameworks/ImageIO.framework/Versions/A/Resources/libJPEG.dylib
0x0000000029b2c000 	/System/Library/Frameworks/ImageIO.framework/Versions/A/Resources/libTIFF.dylib
0x0000000029b2c000 	/System/Library/Frameworks/ImageIO.framework/Versions/A/Resources/libPng.dylib
0x0000000029b2c000 	/System/Library/Frameworks/ImageIO.framework/Versions/A/Resources/libGIF.dylib
0x0000000029b2c000 	/System/Library/Frameworks/ImageIO.framework/Versions/A/Resources/libJP2.dylib
0x0000000029b2c000 	/System/Library/Frameworks/ImageIO.framework/Versions/A/Resources/libRadiance.dylib
0x0000000029b2c000 	/usr/lib/libcompression.dylib
0x0000000029b2c000 	/System/Library/PrivateFrameworks/AppleJPEG.framework/Versions/A/AppleJPEG
0x0000000029b2c000 	/usr/lib/libcups.2.dylib
0x0000000029b2c000 	/System/Library/Frameworks/Kerberos.framework/Versions/A/Kerberos
0x0000000029b2c000 	/System/Library/Frameworks/GSS.framework/Versions/A/GSS
0x0000000029b2c000 	/usr/lib/libresolv.9.dylib
0x0000000029b2c000 	/usr/lib/libiconv.2.dylib
0x0000000029b2c000 	/System/Library/PrivateFrameworks/Heimdal.framework/Versions/A/Heimdal
0x0000000029b2c000 	/usr/lib/libheimdal-asn1.dylib
0x0000000029b2c000 	/System/Library/Frameworks/OpenDirectory.framework/Versions/A/OpenDirectory
0x0000000029b2c000 	/System/Library/PrivateFrameworks/CommonAuth.framework/Versions/A/CommonAuth
0x0000000029b2c000 	/System/Library/Frameworks/OpenDirectory.framework/Versions/A/Frameworks/CFOpenDirectory.framework/Versions/A/CFOpenDirectory
0x0000000029b2c000 	/System/Library/Frameworks/SecurityFoundation.framework/Versions/A/SecurityFoundation
0x0000000029b2c000 	/System/Library/PrivateFrameworks/LanguageModeling.framework/Versions/A/LanguageModeling
0x0000000029b2c000 	/usr/lib/libmarisa.dylib
0x0000000029b2c000 	/usr/lib/libChineseTokenizer.dylib
0x0000000029b2c000 	/usr/lib/libcmph.dylib
0x0000000029b2c000 	/System/Library/PrivateFrameworks/CoreEmoji.framework/Versions/A/CoreEmoji
0x0000000029b2c000 	/System/Library/Frameworks/ServiceManagement.framework/Versions/A/ServiceManagement
0x0000000029b2c000 	/usr/lib/libxslt.1.dylib
0x0000000029b2c000 	/System/Library/Frameworks/Carbon.framework/Versions/A/Frameworks/Ink.framework/Versions/A/Ink
0x0000000029b2c000 	/System/Library/PrivateFrameworks/TextureIO.framework/Versions/A/TextureIO
0x0000000029b2c000 	/System/Library/Frameworks/Metal.framework/Versions/A/Metal
0x0000000029b2c000 	/usr/lib/libate.dylib
0x0000000029b2c000 	/System/Library/PrivateFrameworks/GPUCompiler.framework/libmetal_timestamp.dylib
0x0000000029b2c000 	/System/Library/Frameworks/OpenGL.framework/Versions/A/Libraries/libCoreFSCache.dylib
0x0000000029b2c000 	/System/Library/PrivateFrameworks/IOAccelerator.framework/Versions/A/IOAccelerator
0x0000000029b2c000 	/System/Library/Frameworks/CoreVideo.framework/Versions/A/CoreVideo
0x0000000029b2c000 	/usr/lib/libFosl_dynamic.dylib
0x0000000029b2c000 	/System/Library/PrivateFrameworks/MetalPerformanceShaders.framework/Versions/A/MetalPerformanceShaders
0x0000000029b2c000 	/System/Library/PrivateFrameworks/FaceCore.framework/Versions/A/FaceCore
0x0000000029b2c000 	/System/Library/Frameworks/OpenCL.framework/Versions/A/OpenCL
0x0000000029b2c000 	/System/Library/Frameworks/OpenGL.framework/Versions/A/Libraries/libGLU.dylib
0x0000000029b2c000 	/System/Library/Frameworks/OpenGL.framework/Versions/A/Libraries/libGFXShared.dylib
0x0000000029b2c000 	/System/Library/Frameworks/OpenGL.framework/Versions/A/Libraries/libGL.dylib
0x0000000029b2c000 	/System/Library/Frameworks/OpenGL.framework/Versions/A/Libraries/libGLImage.dylib
0x0000000029b2c000 	/System/Library/Frameworks/OpenGL.framework/Versions/A/Libraries/libCVMSPluginSupport.dylib
0x0000000029b2c000 	/System/Library/Frameworks/OpenGL.framework/Versions/A/Libraries/libCoreVMClient.dylib
0x0000000029b2c000 	/System/Library/PrivateFrameworks/CrashReporterSupport.framework/Versions/A/CrashReporterSupport
0x0000000029b2c000 	/System/Library/PrivateFrameworks/Sharing.framework/Versions/A/Sharing
0x0000000029b2c000 	/System/Library/PrivateFrameworks/IconServices.framework/Versions/A/IconServices
0x0000000029b2c000 	/System/Library/PrivateFrameworks/ProtocolBuffer.framework/Versions/A/ProtocolBuffer
0x0000000029b2c000 	/System/Library/PrivateFrameworks/Apple80211.framework/Versions/A/Apple80211
0x0000000029b2c000 	/System/Library/Frameworks/CoreWLAN.framework/Versions/A/CoreWLAN
0x0000000029b2c000 	/System/Library/PrivateFrameworks/CoreUtils.framework/Versions/A/CoreUtils
0x0000000029b2c000 	/System/Library/Frameworks/IOBluetooth.framework/Versions/A/IOBluetooth
0x0000000029b2c000 	/System/Library/PrivateFrameworks/CoreWiFi.framework/Versions/A/CoreWiFi
0x0000000029b2c000 	/System/Library/Frameworks/CoreBluetooth.framework/Versions/A/CoreBluetooth
0x0000000029b2c000 	/System/Library/Frameworks/CoreDisplay.framework/Versions/A/CoreDisplay
0x0000000029b2c000 	/System/Library/PrivateFrameworks/IOPresentment.framework/Versions/A/IOPresentment
0x0000000029b2c000 	/System/Library/PrivateFrameworks/DSExternalDisplay.framework/Versions/A/DSExternalDisplay
0x0000000029b2c000 	/System/Library/PrivateFrameworks/DebugSymbols.framework/Versions/A/DebugSymbols
0x0000000029b2c000 	/System/Library/PrivateFrameworks/CoreSymbolication.framework/Versions/A/CoreSymbolication
0x0000000029b2c000 	/System/Library/PrivateFrameworks/Symbolication.framework/Versions/A/Symbolication
0x0000000029b2c000 	/System/Library/PrivateFrameworks/AppleFSCompression.framework/Versions/A/AppleFSCompression
0x0000000029b2c000 	/System/Library/PrivateFrameworks/SpeechRecognitionCore.framework/Versions/A/SpeechRecognitionCore
0x0000000029b2c000 	/System/Library/PrivateFrameworks/ChunkingLibrary.framework/Versions/A/ChunkingLibrary
0x000000005368b000 	/System/Library/CoreServices/Encodings/libJapaneseConverter.dylib
0x000000010e800000 	/Library/Java/JavaVirtualMachines/jdk1.8.0_144.jdk/Contents/Home/jre/lib/server/libjvm.dylib
0x0000000029b2c000 	/usr/lib/libstdc++.6.dylib
0x000000010dfdd000 	/Library/Java/JavaVirtualMachines/jdk1.8.0_144.jdk/Contents/Home/jre/lib/libverify.dylib
0x000000010f7a7000 	/Library/Java/JavaVirtualMachines/jdk1.8.0_144.jdk/Contents/Home/jre/lib/libjava.dylib
0x000000010dff5000 	/Library/Java/JavaVirtualMachines/jdk1.8.0_144.jdk/Contents/Home/jre/lib/libzip.dylib
0x0000000112140000 	/System/Library/Frameworks/JavaVM.framework/Frameworks/JavaRuntimeSupport.framework/JavaRuntimeSupport
0x000000011215a000 	/System/Library/Frameworks/JavaVM.framework/Versions/A/Frameworks/JavaNativeFoundation.framework/Versions/A/JavaNativeFoundation
0x000000011216f000 	/System/Library/Frameworks/JavaVM.framework/Versions/A/JavaVM
0x0000000029b2c000 	/System/Library/Frameworks/Carbon.framework/Versions/A/Carbon
0x000000011217c000 	/System/Library/PrivateFrameworks/JavaLaunching.framework/Versions/A/JavaLaunching
0x0000000029b2c000 	/System/Library/Frameworks/Carbon.framework/Versions/A/Frameworks/CommonPanels.framework/Versions/A/CommonPanels
0x0000000029b2c000 	/System/Library/Frameworks/Carbon.framework/Versions/A/Frameworks/Help.framework/Versions/A/Help
0x0000000029b2c000 	/System/Library/Frameworks/Carbon.framework/Versions/A/Frameworks/ImageCapture.framework/Versions/A/ImageCapture
0x0000000029b2c000 	/System/Library/Frameworks/Carbon.framework/Versions/A/Frameworks/OpenScripting.framework/Versions/A/OpenScripting
0x0000000029b2c000 	/System/Library/Frameworks/Carbon.framework/Versions/A/Frameworks/Print.framework/Versions/A/Print
0x0000000029b2c000 	/System/Library/Frameworks/Carbon.framework/Versions/A/Frameworks/SecurityHI.framework/Versions/A/SecurityHI
0x00000001121dc000 	/Library/Java/JavaVirtualMachines/jdk1.8.0_144.jdk/Contents/Home/jre/lib/libawt.dylib
0x0000000112284000 	/Library/Java/JavaVirtualMachines/jdk1.8.0_144.jdk/Contents/Home/jre/lib/./libmlib_image.dylib
0x0000000112350000 	/Library/Java/JavaVirtualMachines/jdk1.8.0_144.jdk/Contents/Home/jre/lib/libawt_lwawt.dylib
0x0000000112407000 	/Library/Java/JavaVirtualMachines/jdk1.8.0_144.jdk/Contents/Home/jre/lib/./libosxapp.dylib
0x0000000029b2c000 	/System/Library/Frameworks/ExceptionHandling.framework/Versions/A/ExceptionHandling
0x0000000029b2c000 	/System/Library/PrivateFrameworks/CoreServicesInternal.framework/Versions/A/CoreServicesInternal
0x0000000029b2c000 	/System/Library/CoreServices/RawCamera.bundle/Contents/MacOS/RawCamera
0x0000000029b2c000 	/System/Library/Frameworks/Accelerate.framework/Versions/A/Frameworks/vImage.framework/Versions/A/Libraries/libCGInterfaces.dylib
0x0000000029b2c000 	/System/Library/Frameworks/ApplicationServices.framework/Versions/A/Frameworks/ATS.framework/Versions/A/Resources/libTrueTypeScaler.dylib
0x0000000128b1a000 	/System/Library/Frameworks/OpenGL.framework/Resources/GLEngine.bundle/GLEngine
0x0000000029b2c000 	/System/Library/Frameworks/OpenGL.framework/Versions/A/Libraries/libGLProgrammability.dylib
0x0000000128cff000 	/System/Library/Extensions/AppleIntelHD5000GraphicsGLDriver.bundle/Contents/MacOS/AppleIntelHD5000GraphicsGLDriver
0x0000000029b2c000 	/System/Library/PrivateFrameworks/GPUSupport.framework/Versions/A/Libraries/libGPUSupportMercury.dylib
0x000000011314a000 	/System/Library/Frameworks/OpenGL.framework/Resources//GLRendererFloat.bundle/GLRendererFloat
0x0000000029b2c000 	/System/Library/Frameworks/OpenCL.framework/Versions/A/Libraries/libcldcpuengine.dylib
0x0000000029b2c000 	/usr/lib/libcrypto.0.9.8.dylib
0x0000000029b2c000 	/System/Library/PrivateFrameworks/TrustEvaluationAgent.framework/Versions/A/TrustEvaluationAgent
0x000000012946d000 	/System/Library/Extensions/AppleIntelHD5000GraphicsMTLDriver.bundle/Contents/MacOS/AppleIntelHD5000GraphicsMTLDriver
0x0000000029b2c000 	/System/Library/PrivateFrameworks/FamilyControls.framework/Versions/A/FamilyControls
0x0000000029b2c000 	/System/Library/PrivateFrameworks/CommerceKit.framework/Versions/A/Frameworks/CommerceCore.framework/Versions/A/CommerceCore
0x0000000029b2c000 	/System/Library/PrivateFrameworks/SystemAdministration.framework/Versions/A/SystemAdministration
0x0000000029b2c000 	/System/Library/PrivateFrameworks/AppContainer.framework/Versions/A/AppContainer
0x0000000029b2c000 	/System/Library/PrivateFrameworks/SecCodeWrapper.framework/Versions/A/SecCodeWrapper
0x0000000029b2c000 	/System/Library/Frameworks/DirectoryService.framework/Versions/A/DirectoryService
0x0000000029b2c000 	/System/Library/PrivateFrameworks/DiskImages.framework/Versions/A/DiskImages
0x0000000029b2c000 	/System/Library/PrivateFrameworks/LoginUIKit.framework/Versions/A/Frameworks/LoginUICore.framework/Versions/A/LoginUICore
0x0000000029b2c000 	/usr/lib/libCoreStorage.dylib
0x0000000029b2c000 	/usr/lib/libcsfde.dylib
0x0000000029b2c000 	/usr/lib/libodfde.dylib
0x0000000029b2c000 	/System/Library/Frameworks/DiscRecording.framework/Versions/A/DiscRecording
0x0000000029b2c000 	/usr/lib/libcurl.4.dylib
0x0000000029b2c000 	/System/Library/PrivateFrameworks/MediaKit.framework/Versions/A/MediaKit
0x0000000029b2c000 	/System/Library/PrivateFrameworks/ProtectedCloudStorage.framework/Versions/A/ProtectedCloudStorage
0x0000000029b2c000 	/System/Library/PrivateFrameworks/EFILogin.framework/Versions/A/EFILogin
0x0000000029b2c000 	/usr/lib/libutil.dylib
0x0000000029b2c000 	/System/Library/Frameworks/LDAP.framework/Versions/A/LDAP
0x0000000029b2c000 	/usr/lib/libsasl2.2.dylib
0x0000000029b2c000 	/System/Library/PrivateFrameworks/CoreDaemon.framework/Versions/B/CoreDaemon
0x0000000029b2c000 	/System/Library/PrivateFrameworks/AppleSRP.framework/Versions/A/AppleSRP
0x0000000029b2c000 	/System/Library/PrivateFrameworks/APFS.framework/Versions/A/APFS
0x000000012a7aa000 	/Library/Java/JavaVirtualMachines/jdk1.8.0_144.jdk/Contents/Home/jre/lib/libfontmanager.dylib
0x00000001130ee000 	/Library/Java/JavaVirtualMachines/jdk1.8.0_144.jdk/Contents/Home/jre/lib/libosxui.dylib
0x0000000029b2c000 	/System/Library/PrivateFrameworks/ViewBridge.framework/Versions/A/ViewBridge
0x0000000029b2c000 	/System/Library/PrivateFrameworks/XPCService.framework/Versions/A/XPCService
0x0000000029b2c000 	/System/Library/PrivateFrameworks/AppSandbox.framework/Versions/A/AppSandbox
0x0000000029b2c000 	/usr/lib/libsandbox.1.dylib
0x0000000029b2c000 	/usr/lib/libMatch.1.dylib
0x000000012c07a000 	/Library/Java/JavaVirtualMachines/jdk1.8.0_144.jdk/Contents/Home/jre/lib/libnet.dylib
0x000000012bbb3000 	/Library/Java/JavaVirtualMachines/jdk1.8.0_144.jdk/Contents/Home/jre/lib/libnio.dylib
0x0000000029b2c000 	/System/Library/PrivateFrameworks/CloudDocs.framework/Versions/A/CloudDocs
0x0000000029b2c000 	/System/Library/Frameworks/CloudKit.framework/Versions/A/CloudKit
0x0000000029b2c000 	/System/Library/PrivateFrameworks/MMCS.framework/Versions/A/MMCS
0x0000000029b2c000 	/System/Library/Frameworks/CoreLocation.framework/Versions/A/CoreLocation
0x0000000029b2c000 	/System/Library/PrivateFrameworks/AssetCacheServices.framework/Versions/A/AssetCacheServices
0x0000000029b2c000 	/System/Library/PrivateFrameworks/GeoServices.framework/Versions/A/GeoServices
0x00000001b0393000 	/Library/Java/JavaVirtualMachines/jdk1.8.0_144.jdk/Contents/Home/jre/lib/libdcpr.dylib

VM Arguments:
java_command: HardwareSimulatorMain
java_class_path (initial): :bin/classes:BuiltIn:bin/lib/Hack.jar:bin/lib/HackGUI.jar:bin/lib/Simulators.jar:bin/lib/SimulatorsGUI.jar:bin/lib/Compilers.jar
Launcher Type: SUN_STANDARD

Environment Variables:
PATH=/usr/local/Cellar/postgresql/9.6.2/bin:/Users/kazuki/.pyenv/shims:/Users/kazuki/.pyenv/bin:/Users/kazuki/anaconda/bin:/opt/local/bin:/opt/local/sbin:/Users/kazuki/.rbenv/shims:/usr/local/bin:/opt/local/bin:/opt/local/sbin:/usr/bin:/bin:/usr/sbin:/sbin:/usr/local/bin:/Library/TeX/texbin:/Users/kazuki/.nodebrew/current/bin
SHELL=/bin/bash
DISPLAY=/private/tmp/com.apple.launchd.nfEYqbJE1a/org.macosforge.xquartz:0

Signal Handlers:
SIGSEGV: [libjvm.dylib+0x5b26e5], sa_mask[0]=11111111011111110111111111111111, sa_flags=SA_ONSTACK|SA_RESTART|SA_SIGINFO
SIGBUS: [libjvm.dylib+0x5b26e5], sa_mask[0]=11111111011111110111111111111111, sa_flags=SA_RESTART|SA_SIGINFO
SIGFPE: [libjvm.dylib+0x489100], sa_mask[0]=11111111011111110111111111111111, sa_flags=SA_RESTART|SA_SIGINFO
SIGPIPE: [libjvm.dylib+0x489100], sa_mask[0]=11111111011111110111111111111111, sa_flags=SA_RESTART|SA_SIGINFO
SIGXFSZ: [libjvm.dylib+0x489100], sa_mask[0]=11111111011111110111111111111111, sa_flags=SA_RESTART|SA_SIGINFO
SIGILL: [libjvm.dylib+0x489100], sa_mask[0]=11111111011111110111111111111111, sa_flags=SA_RESTART|SA_SIGINFO
SIGUSR1: SIG_DFL, sa_mask[0]=11011111011111100000000111000110, sa_flags=none
SIGUSR2: [libjvm.dylib+0x488c1e], sa_mask[0]=00000000000000000000000000000000, sa_flags=SA_RESTART|SA_SIGINFO
SIGHUP: [libjvm.dylib+0x4871f5], sa_mask[0]=11111111011111110111111111111111, sa_flags=SA_RESTART|SA_SIGINFO
SIGINT: SIG_IGN, sa_mask[0]=00000000000000000000000000000000, sa_flags=none
SIGTERM: [libjvm.dylib+0x4871f5], sa_mask[0]=11111111011111110111111111111111, sa_flags=SA_RESTART|SA_SIGINFO
SIGQUIT: [libjvm.dylib+0x4871f5], sa_mask[0]=11111111011111110111111111111111, sa_flags=SA_RESTART|SA_SIGINFO


---------------  S Y S T E M  ---------------

OS:Bsduname:Darwin 16.7.0 Darwin Kernel Version 16.7.0: Thu Jun 15 17:36:27 PDT 2017; root:xnu-3789.70.16~2/RELEASE_X86_64 x86_64
rlimit: STACK 8192k, CORE 0k, NPROC 709, NOFILE 10240, AS infinity
load average:1.74 2.40 2.16

CPU:total 4 (initial active 4) (2 cores per cpu, 2 threads per core) family 6 model 69 stepping 1, cmov, cx8, fxsr, mmx, sse, sse2, sse3, ssse3, sse4.1, sse4.2, popcnt, avx, avx2, aes, clmul, erms, rtm, lzcnt, ht, tsc, tscinvbit, bmi1, bmi2

Memory: 4k page, physical 8388608k(566896k free)

/proc/meminfo:


vm_info: Java HotSpot(TM) 64-Bit Server VM (25.144-b01) for bsd-amd64 JRE (1.8.0_144-b01), built on Jul 21 2017 22:07:42 by "java_re" with gcc 4.2.1 (Based on Apple Inc. build 5658) (LLVM build 2336.11.00)

time: Fri Sep 29 16:24:53 2017
elapsed time: 205 seconds (0d 0h 3m 25s)

